Drill report for wire-cutter.kicad_pcb
Created on 2024-10-01T13:57:59+0200

Copper Layer Stackup:
    =============================================================
    L1 :  F.Cu                      front
    L2 :  B.Cu                      back


Drill file 'wire-cutter.drl' contains
    plated through holes:
    =============================================================
    T1  0.300mm  0.0118"  (6 holes)
    T2  1.000mm  0.0394"  (88 holes)  (with 3 slots)
    T3  1.020mm  0.0402"  (30 holes)
    T4  1.520mm  0.0598"  (2 holes)

    Total plated holes count 126


Not plated through holes are merged with plated holes
    unplated through holes:
    =============================================================
    T5  3.000mm  0.1181"  (4 holes)
    T6  3.200mm  0.1260"  (4 holes)

    Total unplated holes count 8
